New log file opened at Thu Jun 18 01:03:29 MSK 2015 by 17595@valentin-ThinkPad-T410
Taking next connection to: 48580
New client attempting to connect on port: 45987-48580
  Address = /127.0.1.1:48580
This client on port 45987 has uuid c3b98cfc-71db-42ed-9ec9-716f645a613f configName activator humanReadableName Activator protocolVersion 1 featureTags Vector()
Connected Clients: activator-c3b98cfc-71db-42ed-9ec9-716f645a613f
Taking next connection to: 48580
New client attempting to connect on port: 46000-48580
  Address = /127.0.1.1:48580
Handshake exception on socket: 46000
sbt.impl.ipc.HandshakeException: Unable to perform handshake
	at sbt.impl.ipc.Peer.handshake(IPC.scala:46)
	at sbt.impl.ipc.MultiClientServer.<init>(IPC.scala:150)
	at sbt.server.SbtServerSocketHandler$$anon$1.run(SbtServerSocketHandler.scala:43)
Caused by: java.io.EOFException
	at java.io.DataInputStream.readInt(DataInputStream.java:392)
	at sbt.impl.ipc.Peer.receive(IPC.scala:95)
	at sbt.impl.ipc.Peer.handshake(IPC.scala:49)
	... 2 more
Taking next connection to: 48580
New client attempting to connect on port: 46001-48580
  Address = /127.0.1.1:48580
This client on port 46001 has uuid 151e8347-c37e-4817-87bd-96d478cb2570 configName activator humanReadableName Activator protocolVersion 1 featureTags Vector()
Connected Clients: activator-151e8347-c37e-4817-87bd-96d478cb2570
Taking next connection to: 48580
New client attempting to connect on port: 46036-48580
  Address = /127.0.1.1:48580
Handshake exception on socket: 46036
sbt.impl.ipc.HandshakeException: Unable to perform handshake
	at sbt.impl.ipc.Peer.handshake(IPC.scala:46)
	at sbt.impl.ipc.MultiClientServer.<init>(IPC.scala:150)
	at sbt.server.SbtServerSocketHandler$$anon$1.run(SbtServerSocketHandler.scala:43)
Caused by: java.io.EOFException
	at java.io.DataInputStream.readInt(DataInputStream.java:392)
	at sbt.impl.ipc.Peer.receive(IPC.scala:95)
	at sbt.impl.ipc.Peer.handshake(IPC.scala:49)
	... 2 more
Taking next connection to: 48580
New client attempting to connect on port: 46037-48580
  Address = /127.0.1.1:48580
This client on port 46037 has uuid 680c15d5-bf65-4077-b8d4-164e4c5b0aa3 configName activator humanReadableName Activator protocolVersion 1 featureTags Vector()
Connected Clients: activator-680c15d5-bf65-4077-b8d4-164e4c5b0aa3
Taking next connection to: 48580
New client attempting to connect on port: 46040-48580
  Address = /127.0.1.1:48580
Handshake exception on socket: 46040
sbt.impl.ipc.HandshakeException: Unable to perform handshake
	at sbt.impl.ipc.Peer.handshake(IPC.scala:46)
	at sbt.impl.ipc.MultiClientServer.<init>(IPC.scala:150)
	at sbt.server.SbtServerSocketHandler$$anon$1.run(SbtServerSocketHandler.scala:43)
Caused by: java.io.EOFException
	at java.io.DataInputStream.readInt(DataInputStream.java:392)
	at sbt.impl.ipc.Peer.receive(IPC.scala:95)
	at sbt.impl.ipc.Peer.handshake(IPC.scala:49)
	... 2 more
Taking next connection to: 48580
New client attempting to connect on port: 46041-48580
  Address = /127.0.1.1:48580
This client on port 46041 has uuid c1f480c1-b42f-4469-aa36-53678d9ee255 configName activator humanReadableName Activator protocolVersion 1 featureTags Vector()
Connected Clients: activator-680c15d5-bf65-4077-b8d4-164e4c5b0aa3, activator-c1f480c1-b42f-4469-aa36-53678d9ee255
Taking next connection to: 48580
Server socket closed java.net.SocketException: Socket closed
Server socket thread exiting.
1 clients open, will close them...
All client sockets have been closed.
Closing the 17595@valentin-ThinkPad-T410 logs at Thu Jun 18 01:08:39 MSK 2015, goodbye.
